2021-09-01 18:01:08,596 INFO [root] [apiLogin.py (__init__:21] - ---------------- 开始获取登录接口的 URL 地址 ----------------
2021-09-01 18:01:08,596 INFO [root] [apiLogin.py (__init__:23] - 登录接口的 URL 地址是：https://api3.kouling.cn:14000/ringle/onekey/100/
2021-09-01 18:01:08,597 INFO [root] [apiLogin.py (login_success:36] - 准备发起登录接口的请求，请求的 json 参数是：{'code': '112334', 'sign': '5199addf8b86a861c3b47335c7b1864c', 'tel': '13802282483', 'timestamp': 1611127922, 'hwid': '53691be5167946f8a6624e3d1f1ffc6f', 'device': '1', 'devname': 'HONOR HWYAL', 'ver': '2.28.0'}，header 信息是：{'Content-Type': 'application/json', 'device': '1', 'version': '2.28.0'}
2021-09-01 18:01:08,667 INFO [root] [apiLogin.py (login_success:39] - 获取的响应值是：{'ok': True, 'reason': '', 'message': '', 'data': [{'interval': 30, 'uid': '1LtqNXWMmzvd4GGBsySC3fAfs7qsvrMiNJ', 'token': '5580eaa52ce0a10da91f23b12ce1b34b', 'is_new_user': False, 'is_need_vsim_sign_in': False, 'host': '', 'vdata': '13y8Juqzf9RzauejC68VfTp81iWwmoiDSp8vCmBqKZJ2WyAoryLgGfLNpsvzgywRx2JkNZKrKfpJGcFQtK8SaNYCXSbUdxLfjUvy37Ajamj63MejUabxH9jVXNuSMbzBZkAzyNJcrWmDtJnNNumrGnK7xQhjbsPpYMZM57kgAjumZ5J', 'userinfo': {'uid': '1LtqNXWMmzvd4GGBsySC3fAfs7qsvrMiNJ', 'id': 100304501310000, 'interval': 30, 'yyid': 0, 'yytoken': 'ADBFxMjDAAAAAAAAAAAAAAF7oM4o-GEvT2YAANSkN3E1kuNQDvy7A14K4DBwnonq', 'nick': '', 'birthday': '', 'sex': 0, 'desc': '', 'avatar': '', 'realname': '', 'host': '', 'isbindwx': 0, 'openid': '', 'flag': 0, 'flag2': 0, 'isrealname': 0, 'paycodeflag': 0, 'authflag': 0, 'authflag2': 0, 'mobile': '', 'tid': '', 'sign_in_type': 0, 'is_set_vsim': False, 'desc_voice': '', 'desc_voice_duration': 0, 'sound_effect': 0, 'piclist': '', 'vdata': '13y8Juqzf9RzauejC68VfTp81iWwmoiDSp8vCmBqKZJ2WyAoryLgGfLNpsvzgywRx2JkNZKrKfpJGcFQtK8SaNYCXSbUdxLfjUvy37Ajamj63MejUabxH9jVXNuSMbzBZkAzyNJcrWmDtJnNNumrGnK7xQhjbsPpYMZM57kgAjumZ5J', 'cer_birthday': '', 'cer_sex': 0, 'org_id': 0, 'vcorp_type': 0, 'pver': 0, 'fver': 0, 'is_recruiter': 0, 'is_picker': 0, 'score': 0, 'imperfect_profile': False}}]}
2021-09-01 18:01:08,670 INFO [root] [apiGetBankList.py (__init__:22] - -------------- 开始获取银行卡列表接口的 URL 地址 ---------------
2021-09-01 18:01:08,671 INFO [root] [apiGetBankList.py (__init__:26] - 获取银行卡列表接口的 URL 地址是：https://api3.kouling.cn:14000/ringle/pay/121/
2021-09-01 18:01:08,671 INFO [root] [apiGetBankList.py (get_bank_list:39] - 准备发起获取银行卡列表接口的请求，请求的 json 参数是：{'card_kind': 'PAY', 'token': '5580eaa52ce0a10da91f23b12ce1b34b', 'uid': '1LtqNXWMmzvd4GGBsySC3fAfs7qsvrMiNJ'}，header 信息是：{'Content-Type': 'application/json', 'device': '1', 'version': '2.28.0'}
2021-09-01 18:01:08,710 INFO [root] [apiGetBankList.py (get_bank_list:42] - 获取的响应值是：{'data': [], 'message': '失败', 'ok': False, 'reason': 'ERR_9'}
2021-09-01 18:01:08,853 INFO [root] [apiUnionPayCard.py (__init__:22] - --------------开始获取银联卡充值下单接口的 URL 地址 --------------
2021-09-01 18:01:08,853 INFO [root] [apiUnionPayCard.py (__init__:24] - 银联卡充值下单接口的地址是：https://api3.kouling.cn:14000/ringle/pay/100/
2021-09-01 18:01:08,853 INFO [root] [apiUnionPayCard.py (union_pay_card:48] - 准备发起银联卡充值接口的请求，请求的 json 参数是：{'appid': '', 'card_uuid': None, 'channelid': 4, 'cnt': 1, 'device_info': '6353', 'goods': '10000', 'mchid': '', 'noncestr': '654315315', 'price': 300000, 'sign': '35321351315132', 'token': '5580eaa52ce0a10da91f23b12ce1b34b', 'total_free': 300000, 'type': 6, 'uid': '1LtqNXWMmzvd4GGBsySC3fAfs7qsvrMiNJ'}，header 信息是：{'Content-Type': 'application/json', 'device': '1', 'version': '2.28.0'}
2021-09-01 18:01:08,888 INFO [root] [apiUnionPayCard.py (union_pay_card:51] - 获取的响应值是：{'data': [], 'message': '支付功能升级中，如有不便，敬请谅解。', 'ok': False, 'reason': 'ERR_131'}
2021-09-01 18:01:08,892 INFO [root] [apiSendMessageCode.py (__init__:22] - --------------开始获取发送支付短信接口的 URL 地址：---------------
2021-09-01 18:01:08,893 INFO [root] [apiSendMessageCode.py (__init__:24] - 发送支付短信接口的 URL 地址是：https://api3.kouling.cn:14000/ringle/pay/126/
2021-09-01 18:01:08,893 INFO [root] [apiSendMessageCode.py (send_message_code:27] - 传入的 tx_id 为：None
2021-09-01 18:01:08,893 INFO [root] [apiSendMessageCode.py (send_message_code:34] - 准备发起发送支付短信接口的请求，请求的 json 参数是：{'token': '5580eaa52ce0a10da91f23b12ce1b34b', 'tx_id': None, 'uid': '1LtqNXWMmzvd4GGBsySC3fAfs7qsvrMiNJ'}，header 信息是：{'Content-Type': 'application/json', 'device': '1', 'version': '2.28.0'}
2021-09-01 18:01:08,941 INFO [root] [apiSendMessageCode.py (send_message_code:37] - 获取的响应值是：{'data': [], 'message': '支付功能升级中，如有不便，敬请谅解。', 'ok': False, 'reason': 'ERR_131'}
2021-09-01 18:01:08,946 INFO [root] [apiPayStatus.py (__init__:21] - ---------------开始获取查询支付状态接口的 URL 地址---------------
2021-09-01 18:01:08,946 INFO [root] [apiPayStatus.py (__init__:23] - 查询支付状态接口的 URL 地址是：
2021-09-01 18:01:08,946 INFO [root] [apiPayStatus.py (pay_status:33] - 准备发起发送支付短信接口的请求，请求的 json 参数是：{'token': '5580eaa52ce0a10da91f23b12ce1b34b', 'uid': '1LtqNXWMmzvd4GGBsySC3fAfs7qsvrMiNJ', 'orderid': None}，header 信息是：{'Content-Type': 'application/json', 'device': '1', 'version': '2.28.0'}
2021-09-01 18:01:08,981 INFO [root] [apiPayStatus.py (pay_status:36] - 获取的响应值是：<Response [200]>
2021-09-01 18:01:08,988 INFO [root] [apiGetCompanyInfo.py (__init__:23] - ---------------开始获取公司信息接口的 URL 地址：----------------
2021-09-01 18:01:08,988 INFO [root] [apiGetCompanyInfo.py (__init__:25] - 获取公司信息接口的 URL 地址是：https://gateway-test.svc.kouling.cn/job/100/
2021-09-01 18:01:08,989 INFO [root] [apiGetCompanyInfo.py (get_company_info:35] - 准备发起获取公司信息接口的请求，请求的 json 参数是：{'pageno': 1, 'pagenum': 1, 'token': '5580eaa52ce0a10da91f23b12ce1b34b', 'uid': '1LtqNXWMmzvd4GGBsySC3fAfs7qsvrMiNJ'}，header 信息是：{'Content-Type': 'application/json', 'device': '1', 'version': '2.28.0'}
2021-09-01 18:01:09,081 INFO [root] [apiGetCompanyInfo.py (get_company_info:38] - 获取的响应值是：{'ok': True, 'data': [{'company_id': '172', 'company_logo': 'http://cdn3.ringleai.com/media/pic/fbbc56b08a65b2fe8b7e9881a9d3ab35.jpg', 'company_name': '年贸', 'isdefault': 1, 'introduction': None, 'status': 1}], 'reason': '', 'message': None}
2021-09-01 18:01:09,084 INFO [root] [apiAddJob.py (__init__:26] - ---------------开始获取发布岗位接口的 URL 地址：----------------
2021-09-01 18:01:09,084 INFO [root] [apiAddJob.py (__init__:28] - 发送支付短信接口的 URL 地址是：https://gateway-test.svc.kouling.cn/job/102/
2021-09-01 18:01:09,084 INFO [root] [apiAddJob.py (add_two_type_job:79] - 准备发起发布岗位接口的请求，请求的 json 参数是：{'addr': ['深圳市'], 'age': {'max': 45, 'min': 18}, 'cnt': 2, 'company_id': '172', 'company_logo': 'http://cdn3.ringleai.com/media/pic/fbbc56b08a65b2fe8b7e9881a9d3ab35.jpg', 'company_name': '年贸', 'desc': '劳动最光荣加班最光荣购物最好玩不信你来试试吧', 'education': 2, 'experience': {'max': 5, 'min': 3}, 'height': {'max': -1, 'min': -1}, 'id': 100304501310000, 'job_name': '本站：标准加极速岗', 'job_type': 9000300020000, 'orderid': None, 'other': ['你比较牛逼', '可能长得不是一般的帅', '形象气质佳'], 'pay': {'max': 6000, 'min': 4000}, 'reward': 150000, 'sex': -1, 'skill': ['IOS开发'], 'token': '5580eaa52ce0a10da91f23b12ce1b34b', 'type': ['STANDARD', 'FAST'], 'uid': '1LtqNXWMmzvd4GGBsySC3fAfs7qsvrMiNJ', 'warranty_day': '2'}，header 信息是：{'Content-Type': 'application/json', 'device': '1', 'version': '2.28.0'}
2021-09-01 18:01:09,143 INFO [root] [apiAddJob.py (add_two_type_job:82] - 获取的响应值是：{'ok': False, 'data': None, 'reason': 'ERR_9', 'message': 'Internal Server Error'}
2021-09-01 18:01:09,148 INFO [root] [apiRegistered.py (__init__:22] - ---------------- 开始获取注册接口的 URL 地址 ----------------
2021-09-01 18:01:09,149 INFO [root] [apiRegistered.py (__init__:24] - 注册接口的 URL 地址是：https://api3.kouling.cn:14000/ringle/onekey/100/
2021-09-01 18:01:09,149 INFO [root] [apiRegistered.py (registered_success:33] - 自动生成的注册手机号是：13382660386
2021-09-01 18:01:09,149 INFO [root] [apiRegistered.py (registered_success:44] - 准备发起注册接口的请求，请求参数是：{'code': '112334', 'sign': '5199addf8b86a861c3b47335c7b1864c', 'tel': '13382660386', 'timestamp': 1611127922, 'hwid': '53691be5167946f8a6624e3d1f1ffc6f', 'device': '1', 'devname': 'HONOR HWYAL', 'ver': '2.17.0'}，header 信息是：{'Content-Type': 'application/json', 'device': '1', 'version': '2.28.0'}
2021-09-01 18:01:09,277 INFO [root] [apiRegistered.py (registered_success:47] - 获取的响应值是：{'ok': True, 'reason': '', 'message': '', 'data': [{'interval': 30, 'uid': '1AQV1E66iC7tXJ3hANV2L29V9umx6miNJ8', 'token': 'd12a720d523b77207788b24b10cef261', 'is_new_user': True, 'is_need_vsim_sign_in': False, 'host': '', 'vdata': '13y8Juftmg4G4Z25AzQ5jgjjdNAHQrAu5QSYiejU9aqvuDjm28GHbmUdcQb7eUQc3MWVYwJspSw6poU7zVkmRo3pBrwZugJZ5oH3bVd5xZNFctVUFdkEghqdUfSPrppQfBiE9jh5WLH3agFJSNwdnUZyke6vvbvyt88iMeyRh6LMWxV', 'userinfo': {'uid': '1AQV1E66iC7tXJ3hANV2L29V9umx6miNJ8', 'id': 100304874810000, 'interval': 30, 'yyid': 30540742, 'yytoken': 'ADBFxMjDAAAAAAHSA8YAAAF7oM4rVmEvT2cAAIp--kTVhUQHNSOFo0Heg4yiaJoG', 'nick': '', 'birthday': '', 'sex': 0, 'desc': '', 'avatar': '', 'realname': '', 'host': '', 'isbindwx': 0, 'openid': '', 'flag': 0, 'flag2': 0, 'isrealname': 0, 'paycodeflag': 0, 'authflag': 0, 'authflag2': 0, 'mobile': '', 'tid': 'L23627905624010G', 'sign_in_type': 0, 'is_set_vsim': False, 'desc_voice': '', 'desc_voice_duration': 0, 'sound_effect': 0, 'piclist': '', 'vdata': '13y8Juftmg4G4Z25AzQ5jgjjdNAHQrAu5QSYiejU9aqvuDjm28GHbmUdcQb7eUQc3MWVYwJspSw6poU7zVkmRo3pBrwZugJZ5oH3bVd5xZNFctVUFdkEghqdUfSPrppQfBiE9jh5WLH3agFJSNwdnUZyke6vvbvyt88iMeyRh6LMWxV', 'cer_birthday': '', 'cer_sex': 0, 'org_id': 0, 'vcorp_type': 0, 'pver': 0, 'fver': 0, 'is_recruiter': 0, 'is_picker': 0, 'score': 0, 'imperfect_profile': False}}]}
2021-09-01 18:01:09,278 INFO [root] [apiRegistered.py (registered_success:55] - 注册生成 token -- d12a720d523b77207788b24b10cef261
2021-09-01 18:01:09,278 INFO [root] [apiRegistered.py (registered_success:56] - 注册生成 uid -- 1AQV1E66iC7tXJ3hANV2L29V9umx6miNJ8
2021-09-01 18:01:09,282 INFO [root] [apiWriteSmsMessage.py (__init__:22] - --------------开始获取验证支付短信接口的 URL 地址：---------------
2021-09-01 18:01:09,282 INFO [root] [apiWriteSmsMessage.py (__init__:24] - 发送支付短信接口的 URL 地址是：https://api3.kouling.cn:14000/ringle/pay/127/
2021-09-01 18:01:09,282 INFO [root] [apiWriteSmsMessage.py (write_sms_message:34] - 准备发起验证支付短信接口的请求，请求的 json 参数是：{'token': '5580eaa52ce0a10da91f23b12ce1b34b', 'tx_id': None, 'uid': '1LtqNXWMmzvd4GGBsySC3fAfs7qsvrMiNJ', 'sms_token': '111111'}，header 信息是：{'Content-Type': 'application/json', 'device': '1', 'version': '2.28.0'}
2021-09-01 18:01:09,329 INFO [root] [apiWriteSmsMessage.py (write_sms_message:37] - 获取的响应值是：{'data': [], 'message': '支付功能升级中，如有不便，敬请谅解。', 'ok': False, 'reason': 'ERR_131'}
2021-09-01 18:01:09,866 INFO [root] [apiLogout.py (__init__:16] - ---------------- 开始获取退出登录接口的 URL -----------------
2021-09-01 18:01:09,866 INFO [root] [apiLogout.py (__init__:18] - 退出登录接口的 URL 是：https://api3.kouling.cn:14000/ringle/user/115/
2021-09-01 18:01:09,866 INFO [root] [apiLogout.py (logout_success:26] - 准备发起退出登录接口的请求，请求参数是：{'token': '5580eaa52ce0a10da91f23b12ce1b34b', 'uid': '1LtqNXWMmzvd4GGBsySC3fAfs7qsvrMiNJ'}，header 信息是：{'Content-Type': 'application/json', 'device': '1', 'version': '2.28.0'}
2021-09-01 18:01:09,913 INFO [root] [apiLogout.py (logout_success:29] - 退出登录获取的响应值是：{'ok': True, 'reason': '', 'message': '', 'data': []}
2021-09-01 18:01:09,913 INFO [root] [test_logout.py (test_logout:30] - 登录接口返回数据类型是：<class 'dict'>
2021-09-01 18:01:09,913 INFO [root] [test_logout.py (test_logout:31] - 登录接口返回数据是：{'ok': True, 'reason': '', 'message': '', 'data': []}
